<?xml version="1.0" encoding="UTF-8"?>
<!-- Generated by org.testng.reporters.JUnitReportReporter -->
<testsuite hostname="LAPTOP-9L7Q67V6" failures="0" tests="4" name="com.runtestng.TestngRunner" time="16.948" errors="0" timestamp="2022-09-13T08:31:12 IST" skipped="0">
  <testcase classname="com.runtestng.TestngRunner" name="runScenario" time="13.456"/>
  <system-out/>
  <testcase classname="com.runtestng.TestngRunner" name="runScenario" time="0.943"/>
  <system-out/>
  <testcase classname="com.runtestng.TestngRunner" name="runScenario" time="1.611"/>
  <system-out/>
  <testcase classname="com.runtestng.TestngRunner" name="runScenario" time="0.938"/>
  <system-out/>
</testsuite> <!-- com.runtestng.TestngRunner -->
